[   0.0000] nitializi coup subsycpet
[  0.0000Iniaizincgup ssycp
[  00000 Iitialinggrup ssycpuacc
[  0.00] in vsin 4.0-4-genec (buildd@lcy01-amd64-027) (gcc version 5.4.0 20160609 (Ubuntu 5.4.0-6ubuntu1~16.04.12) ) #204-Ubuntu SMP Wed Jan 29 06:41:01 UTC 2020 (Ubuntu 4.4.0-174.204-generic 4.4.211)
[    0.000000] Command line: BOOT_IMAGE=/boot/vmlinuz-4.4.0-174-generic root=LABEL=cloudimg-rootfs ro console=tty1 console=ttyS0
[    0.000000] KERNEL supported cpus:
[    0.000000]   Intel GenuineIntel
[    0.000000]   AMD AuthenticAMD
[    0.000000]   Centaur CentaurHauls
[    0.000000] x86/fpu: xstate_offset[2]:  576, xstate_sizes[2]:  256
[    0.000000] x86/fpu: Supporting XSAVE feature 0x01: 'x87 floating point registers'
[    0.000000] x86/fpu: Supporting XSAVE feature 0x02: 'SSE registers'
[    0.000000] x86/fpu: Supporting XSAVE feature 0x04: 'AVX registers'
[    0.000000] x86/fpu: Enabled xstate features 0x7, context size is 832 bytes, using 'standard' format.
[    0.000000] e820: BIOS-provided physical RAM map:
[    0.000000] BIOS-e820: [mem 0x0000000000000000-0x000000000009fbff] usable
[    0.000000] BIOS-e820: [mem 0x000000000009fc00-0x000000000009ffff] reserved
[    0.000000] BIOS-e820: [mem 0x00000000000f0000-0x00000000000fffff] reserved
[    0.000000] BIOS-e820: [mem 0x0000000000100000-0x00000000dffeffff] usable
[    0.000000] BIOS-e820: [mem 0x00000000dfff0000-0x00000000dfffffff] ACPI data
[    0.000000] BIOS-e820: [mem 0x00000000fec00000-0x00000000fec00fff] reserved
[    0.000000] BIOS-e820: [mem 0x00000000fee00000-0x00000000fee00fff] reserved
[    0.000000] BIOS-e820: [mem 0x00000000fffc0000-0x00000000ffffffff] reserved
[    0.000000] BIOS-e820: [mem 0x0000000100000000-0x000000011fffffff] usable
[    0.000000] NX (Execute Disable) protection: active
[    0.000000] SMBIOS 2.5 present.
[    0.000000] Hypervisor detected: KVM
[    0.000000] e820: last_pfn = 0x120000 max_arch_pfn = 0x400000000
[    0.000000] MTRR: Disabled
[    0.000000] x86/PAT: MTRRs disabled, skipping PAT initialization too.
[    0.000000] CPU MTRRs all blank - virtualized system.
[    0.000000] x86/PAT: Configuration [0-7]: WB  WT  UC- UC  WB  WT  UC- UC  
[    0.000000] e820: last_pfn = 0xdfff0 max_arch_pfn = 0x400000000
[    0.000000] found SMP MP-table at [mem 0x0009fff0-0x0009ffff] mapped at [ffff88000009fff0]
[    0.000000] Scanning 1 areas for low memory corruption
[    0.000000] RAMDISK: [mem 0x362e2000-0x37168fff]
[    0.000000] ACPI: Early table checksum verification disabled
[    0.000000] ACPI: RSDP 0x00000000000E0000 000024 (v02 VBOX  )
[    0.000000] ACPI: XSDT 0x00000000DFFF0030 00003C (v01 VBOX   VBOXXSDT 00000001 ASL  00000061)
[    0.000000] ACPI: FACP 0x00000000DFFF00F0 0000F4 (v04 VBOX   VBOXFACP 00000001 ASL  00000061)
[    0.000000] ACPI: DSDT 0x00000000DFFF0470 0021FF (v02 VBOX   VBOXBIOS 00000002 INTL 20180105)
[    0.000000] ACPI: FACS 0x00000000DFFF0200 000040
[    0.000000] ACPI: FACS 0x00000000DFFF0200 000040
[    0.000000] ACPI: APIC 0x00000000DFFF0240 00005C (v02 VBOX   VBOXAPIC 00000001 ASL  00000061)
[    0.000000] ACPI: SSDT 0x00000000DFFF02A0 0001CC (v01 VBOX   VBOXCPUT 00000002 INTL 20180105)
[    0.000000] No NUMA configuration found
[    0.000000] Faking a node at [mem 0x0000000000000000-0x000000011fffffff]
[    0.000000] NODE_DATA(0) allocated [mem 0x11fff7000-0x11fffbfff]
[    0.000000] kvm-clock: Using msrs 4b564d01 and 4b564d00[   0.00] kvclk:cpu 0,sr:1ff00 pimary u ock   0.0000]vm-cckusng sch oset  32568344 cl
[  00000] clocksource: kvm-clock: mask: 0xffffffffffffffff max_cycles: 0x1cd42e4dffb, max_idle_ns: 881590591483 ns
[    0.0000000] Zone ranges:
[   .000]   A    [me0x000000100-0x000000ffff
[    0.000000]   DMA32    [mem 0x0000000001000000-0x00000000ffffffff]
[    0.000000]   Normal   [mem 0x0000000100000000-0x000000011fffffff]
[    0.000000]   Device   empty
[    0.000000] Movable zone start for each node
[    0.000000] Early memory node ranges
[    0.000000]   node   0: [mem 0x0000000000001000-0x000000000009efff]
[    0.000000]   node   0: [mem 0x0000000000100000-0x00000000dffeffff]
[    0.000000]   node   0: [mem 0x0000000100000000-0x000000011fffffff]
[    0.000000] Initmem setup node 0 [mem 0x0000000000001000-0x000000011fffffff]
[    0.000000] ACPI: PM-Timer IO Port: 0x4008
[    0.000000] IOAPIC[0]: apic_id 2, version 32, address 0xfec00000, GSI 0-23
[    0.000000] ACPI: INT_SRC_OVR (bus 0 bus_irq 0 global_irq 2 dfl dfl)
[    0.000000] ACPI: INT_SRC_OVR (bus 0 bus_irq 9 global_irq 9 low level)
[    0.000000] Using ACPI (MADT) for SMP configuration information
[    0.000000] smpboot: Allowing 2 CPUs, 0 hotplug CPUs
[    0.000000] PM: Registered nosave memory: [mem 0x00000000-0x00000fff]
[    0.000000] PM: Registered nosave memory: [mem 0x0009f000-0x0009ffff]
[    0.000000] PM: Registered nosave memory: [mem 0x000a0000-0x000effff]
[    0.000000] PM: Registered nosave memory: [mem 0x000f0000-0x000fffff]
[    0.000000] PM: Registered nosave memory: [mem 0xdfff0000-0xdfffffff]
[    0.000000] PM: Registered nosave memory: [mem 0xe0000000-0xfebfffff]
[    0.000000] PM: Registered nosave memory: [mem 0xfec00000-0xfec00fff]
[    0.000000] PM: Registered nosave memory: [mem 0xfec01000-0xfedfffff]
[    0.000000] PM: Registered nosave memory: [mem 0xfee00000-0xfee00fff]
[    0.000000] PM: Registered nosave memory: [mem 0xfee01000-0xfffbffff]
[    0.000000] PM: Registered nosave memory: [mem 0xfffc0000-0xffffffff]
[    0.000000] e820: [mem 0xe0000000-0xfebfffff] available for PCI devices
[    0.000000] Booting paravirtualized kernel on KVM
[    0.000000] clocksource: refined-jiffies: mask: 0xffffffff max_cycles: 0xffffffff, max_idle_ns: 76455196002168 n
[  .00000 sup_pcp NR_US12nrpusk_bits:52 _c_ids:2 nr_nod_i:1
[  00000] PERCPU Eeded 33 pages/cpu @ffff88011fc00000 s95448 r8192 d31528 u1048576
[    0.000000] Built 1 zonelists in Node order, mobility grouping on.  Total pages: 1032056
[    0.000000] Policy zone: Normal
[    0.000000] Kernel command line: BOOT_IMAGE=/boot/vmlinuz-4.4.0-174-generic root=LABEL=cloudimg-rootfs ro console=tty1 console=ttyS0
[    0.000000] PID hash table entries: 4096 (order: 3, 32768 bytes)
[    0.000000] Memory: 4028188K/4193848K available (8626K kernel code, 1336K rwdata, 4032K rodata, 1488K init, 1292K bss, 165660K reserved, 0K cma-reserved)
[    0.000000] SLUB: HWalign=64, Order=0-3, MinObjects=0, CPUs=2, Nodes=1
[    0.000000] Kernel/User page tables isolation: enabled
[    0.000000] Hierarchical RCU implementation.
[    0.000000] 	Build-time adjustment of leaf fanout to 64.
[    0.000000] 	RCU restricting CPUs from NR_CPUS=512 to nr_cpu_ids=2.
[    0.000000] RCU: Adjusting geometry for rcu_fanout_leaf=64, nr_cpu_ids=2
[    0.000000] NR_IRQS:33024 nr_irqs:440 16
[    0.000000] Console: colour VGA+ 80x25
[    0.000000] console [tty1] enabled
[    0.000000] console [ttyS0] enabled
[    0.000000] tsc: Detected 1799.999 MHz processor
[    2.612677] Calibrating delay loop (skipped) preset value.. 3599.99 BogoMIPS (lpj=7199996)
[    2.614025] pid_max: default: 32768 minimum: 301
[    2.614765] ACPI: Core revision 20150930
[    2.616173] ACPI: 2 ACPI AML tables successfully acquired and loaded
[    2.617235] Security Framework initialized
[    2.617899] Yama: becoming mindful.
[    2.618511] AppArmor: AppArmor initialized
[    2.619713] Dentry cache hash table entries: 524288 (order: 10, 4194304 bytes)
[    2.622058] Inode-cache hash table entries: 262144 (order: 9, 2097152 bytes)
[    2.623304] Mount-cache hash table entries: 8192 (order: 4, 65536 bytes)
[    2.624264] Mountpoint-cache hash table entries: 8192 (order: 4, 65536 bytes)
[    2.625811] Initializing cgroup subsys io
[    2.626485] Initializing cgroup subsys memory
[    2.627183] Initializing cgroup subsys devices
[    2.627904] Initializing cgroup subsys freezer
[    2.628606] Initializing cgroup subsys net_cls
[    2.629310] Initializing cgroup subsys perf_event
[    2.630043] Initializing cgroup subsys net_prio
[    2.630775] Initializing cgroup subsys hugetlb
[    2.631481] Initializing cgroup subsys pids
[    2.633840] mce: CPU supports 0 MCE banks
[    2.634544] Last level iTLB entries: 4KB 64, 2MB 8, 4MB 8
[    2.635355] Last level dTLB entries: 4KB 64, 2MB 0, 4MB 0, 1GB 4
[    2.636251] Spectre V1 : Mitigation: usercopy/swapgs barriers and __user pointer sanitization
[    2.637576] Spectre V2 : Mitigation: Full generic retpoline
[    2.638408] Spectre V2 : Spectre v2 / SpectreRSB mitigation: Filling RSB on context switch
[    2.639699] Speculative Store Bypass: Vulnerable
[    2.640500] MDS: Mitigation: Clear CPU buffers
[    2.643192] Freeing SMP alternatives memory: 36K
[    2.648327] ftrace: allocating 32305 entries in 127 pages
[    2.695491] smpboot: APIC(0) Converting physical 0 to logical package 0
[    2.696545] smpboot: Max logical packages: 1
[    2.697555] x2apic enabled
[    2.698262] Switched APIC routing to physical x2apic.
[    2.699993] ..TIMER: vector=0x30 apic1=0 pin1=2 apic2=-1 pin2=-1
[    2.808967] smpboot: CPU0: Intel(R) Core(TM) i5-8250U CPU @ 1.60GHz (family: 0x6, model: 0x8e, stepping: 0xa)
[    3.073455] Performance Events: unsupported p6 CPU model 142 no PMU driver, software events only.
[    3.106743] KVM setup paravirtual spinlock
[    3.108190] x86: Booting SMP configuration:
[    3.108956] .... node  #0, CPUs:      #1
[    3.109783] kvm-clock: cpu 1, msr 1:1ffef041, secondary cpu clock
[    3.112397] mce: CPU supports 0 MCE banks
[    3.114931] x86: Booted up 1 node, 2 CPUs
[    3.120999] smpboot: Total of 2 processors activated (7199.99 BogoMIPS)
[    3.122276] devtmpfs: initialized
[    3.124612] evm: security.selinux
[    3.125195] evm: security.SMACK64
[    3.125772] evm: security.SMACK64EXEC
[    3.126405] evm: security.SMACK64TRANSMUTE
[    3.127074] evm: security.SMACK64MMAP
[    3.127699] evm: security.ima
[    3.128239] evm: security.capability
[    3.129022] clocksource: jiffies: mask: 0xffffffff max_cycles: 0xffffffff, max_idle_ns: 7645041785100000 ns
[    3.287965] futex hash table entries: 512 (order: 3, 32768 bytes)
[    3.289211] pinctrl core: initialized pinctrl subsystem
[    3.290320] RTC time: 15:38:41, date: 02/29/20
[    3.291390] NET: Registered protocol family 16
[    3.302166] cpuidle: using governor ladder
[    3.314298] cpuidle: using governor menu
[    3.315088] PCCT header not found.
[    3.315842] ACPI: bus type PCI registered
[    3.316635] acpiphp: ACPI Hot Plug PCI Controller Driver version: 0.5
[    3.317854] PCI: Using configuration type 1 for base access
[    3.331052] ACPI: Added _OSI(Module Device)
[    3.331885] ACPI: Added _OSI(Processor Device)
[    3.332735] ACPI: Added _OSI(3.0 _SCP Extensions)
[    3.333620] ACPI: Added _OSI(Processor Aggregator Device)
[    3.335199] ACPI: Executed 1 blocks of module-level executable AML code
[    3.338097] ACPI: Interpreter enabled
[    3.338868] ACPI: (supports S0 S5)
[    3.339567] ACPI: Using IOAPIC for interrupt routing
[    3.340615] PCI: Using host bridge windows from ACPI; if necessary, use "pci=nocrs" and report a bug
[    3.345082] ACPI: PCI Root Bridge [PCI0] (domain 0000 [bus 00-ff])
[    3.346208] acpi PNP0A03:00: _OSC: OS supports [ASPM ClockPM Segments MSI]
[    3.347458] acpi PNP0A03:00: _OSC: not requesting OS control; OS requires [ExtendedConfig ASPM ClockPM MSI]
[    3.349240] acpi PNP0A03:00: fail to add MMCONFIG information, can't access extended PCI configuration space under this bridge.
[    3.351510] PCI host bridge to bus 0000:00
[    3.360023] pci_bus 0000:00: root bus resource [io  0x0000-0x0cf7 window]
[    3.361214] pci_bus 0000:00: root bus resource [io  0x0d00-0xffff window]
[    3.362409] pci_bus 0000:00: root bus resource [mem 0x000a0000-0x000bffff window]
[    3.363858] pci_bus 0000:00: root bus resource [mem 0xe0000000-0xfdffffff window]
[    3.365303] pci_bus 0000:00: root bus resource [bus 00-ff]
[    3.367622] pci 0000:00:01.1: legacy IDE quirk: reg 0x10: [io  0x01f0-0x01f7]
[    3.368873] pci 0000:00:01.1: legacy IDE quirk: reg 0x14: [io  0x03f6]
[    3.370037] pci 0000:00:01.1: legacy IDE quirk: reg 0x18: [io  0x0170-0x0177]
[    3.371315] pci 0000:00:01.1: legacy IDE quirk: reg 0x1c: [io  0x0376]
[    3.405321] pci 0000:00:07.0: quirk: [io  0x4000-0x403f] claimed by PIIX4 ACPI
[    3.406829] pci 0000:00:07.0: quirk: [io  0x4100-0x410f] claimed by PIIX4 SMB
[    3.427815] ACPI: PCI Interrupt Link [LNKA] (IRQs 5 9 10 *11)
[    3.429393] ACPI: PCI Interrupt Link [LNKB] (IRQs 5 9 *10 11)
[    3.430832] ACPI: PCI Interrupt Link [LNKC] (IRQs 5 *9 10 11)
[    3.432250] ACPI: PCI Interrupt Link [LNKD] (IRQs 5 9 10 *11)
[    3.433724] ACPI: Enabled 2 GPEs in block 00 to 07
[    3.435000] vgaarb: setting as boot device: PCI:0000:00:02.0
[    3.436033] vgaarb: device added: PCI:0000:00:02.0,decodes=io+mem,owns=io+mem,locks=none
[    3.437615] vgaarb: loaded
[    3.438228] vgaarb: bridge control possible 0000:00:02.0
[    3.439402] SCSI subsystem initialized
[    3.440285] ACPI: bus type USB registered
[    3.441098] usbcore: registered new interface driver usbfs
[    3.442147] usbcore: registered new interface driver hub
[    3.443138] usbcore: registered new device driver usb
[    3.444330] PCI: Using ACPI for IRQ routing
[    3.445411] NetLabel: Initializing
[    3.446128] NetLabel:  domain hash size = 128
[    3.446966] NetLabel:  protocols = UNLABELED CIPSOv4
[    3.447899] NetLabel:  unlabeled traffic allowed by default
[    3.449060] amd_nb: Cannot enumerate AMD northbridges
[    3.450482] clocksource: Switched to clocksource kvm-clock
[    3.456793] AppArmor: AppArmor Filesystem Enabled
[    3.457780] pnp: PnP ACPI init
[    3.459068] pnp: PnP ACPI: found 3 devices
[    3.468278] clocksource: acpi_pm: mask: 0xffffff max_cycles: 0xffffff, max_idle_ns: 2085701024 ns
[    3.469983] NET: Registered protocol family 2
[    3.470955] TCP established hash table entries: 32768 (order: 6, 262144 bytes)
[    3.472413] TCP bind hash table entries: 32768 (order: 7, 524288 bytes)
[    3.473966] TCP: Hash tables configured (established 32768 bind 32768)
[    3.475166] UDP hash table entries: 2048 (order: 4, 65536 bytes)
[    3.476254] UDP-Lite hash table entries: 2048 (order: 4, 65536 bytes)
[    3.477426] NET: Registered protocol family 1
[    3.478288] pci 0000:00:00.0: Limiting direct PCI/PCI transfers
[    3.479393] pci 0000:00:01.0: Activating ISA DMA hang workarounds
[    3.480585] Unpacking initramfs...
[    3.673282] Freeing initrd memory: 14876K
[    3.675349] PCI-DMA: Using software bounce buffering for IO (SWIOTLB)
[    3.676493] software IO TLB: mapped [mem 0xdbff0000-0xdfff0000] (64MB)
[    3.677699] clocksource: tsc: mask: 0xffffffffffffffff max_cycles: 0x19f228ab7a2, max_idle_ns: 440795289252 ns
[    3.684864] platform rtc_cmos: registered platform RTC device (no PNP device found)
[    3.686370] Scanning for low memory corruption every 60 seconds
[    3.687892] audit: initializing netlink subsys (disabled)
[    3.688910] audit: type=2000 audit(1582990723.979:1): initialized
[    3.690244] Initialise system trusted keyring
[    3.691322] HugeTLB registered 2 MB page size, pre-allocated 0 pages
[    3.693462] zbud: loaded
[    3.694398] VFS: Disk quotas dquot_6.6.0
[    3.695240] VFS: Dquot-cache hash table entries: 512 (order 0, 4096 bytes)
[    3.696630] squashfs: version 4.0 (2009/01/31) Phillip Lougher
[    3.697991] fuse init (API version 7.23)
[    3.698931] Key type big_key registered
[    3.699706] Allocating IMA MOK and blacklist keyrings.
[    3.701597] Key type asymmetric registered
[    3.702427] Asymmetric key parser 'x509' registered
[    3.703408] Block layer SCSI generic (bsg) driver version 0.4 loaded (major 249)
[    3.704898] io scheduler noop registered
[    3.705679] io scheduler deadline registered (default)
[    3.706673] io scheduler cfq registered
[    3.707519] pci_hotplug: PCI Hot Plug PCI Core version: 0.5
[    3.708538] pciehp: PCI Express Hot Plug Controller Driver version: 0.4
[    3.715150] ACPI: AC Adapter [AC] (on-line)
[    3.716013] input: Power Button as /devices/LNXSYSTM:00/LNXPWRBN:00/input/input0
[    3.717452] ACPI: Power Button [PWRF]
[    3.718281] input: Sleep Button as /devices/LNXSYSTM:00/LNXSLPBN:00/input/input1
[    3.719769] ACPI: Sleep Button [SLPF]
[    3.720708] GHES: HEST is not enabled!
[    3.721265] ACPI: Battery Slot [BAT0] (battery present)
[    3.722587] Serial: 8250/16550 driver, 32 ports, IRQ sharing enabled
[    3.745376] 00:02: ttyS0 at I/O 0x3f8 (irq = 4, base_baud = 115200) is a 16550A
[    3.749027] Linux agpgart interface v0.103
[    3.751310] loop: module loaded
[    3.752422] scsi host0: ata_piix
[    3.753246] scsi host1: ata_piix
[    3.753960] ata1: PATA max UDMA/33 cmd 0x1f0 ctl 0x3f6 bmdma 0xd000 irq 14
[    3.755176] ata2: PATA max UDMA/33 cmd 0x170 ctl 0x376 bmdma 0xd008 irq 15
[    3.756439] libphy: Fixed MDIO Bus: probed
[    3.757262] tun: Universal TUN/TAP device driver, 1.6
[    3.758237] tun: (C) 1999-2004 Max Krasnyansky <maxk@qualcomm.com>
[    3.759481] PPP generic driver version 2.4.2
[    3.760444] ehci_hcd: USB 2.0 'Enhanced' Host Controller (EHCI) Driver
[    3.761604] ehci-pci: EHCI PCI platform driver
[    3.762484] ehci-platform: EHCI generic platform driver
[    3.763488] ohci_hcd: USB 1.1 'Open' Host Controller (OHCI) Driver
[    3.764596] ohci-pci: OHCI PCI platform driver
[    3.765455] ohci-platform: OHCI generic platform driver
[    3.766434] uhci_hcd: USB Universal Host Controller Interface driver
[    3.767642] i8042: PNP: PS/2 Controller [PNP0303:PS2K,PNP0f03:PS2M] at 0x60,0x64 irq 1,12
[    3.769573] serio: i8042 KBD port at 0x60,0x64 irq 1
[    3.770513] serio: i8042 AUX port at 0x60,0x64 irq 12
[    3.771730] mousedev: PS/2 mouse device common for all mice
[    3.773113] input: AT Translated Set 2 keyboard as /devices/platform/i8042/serio0/input/input2
[    3.775168] rtc_cmos rtc_cmos: rtc core: registered rtc_cmos as rtc0
[    3.776344] rtc_cmos rtc_cmos: alarms up to one day, 114 bytes nvram
[    3.777476] i2c /dev entries driver
[    3.778263] device-mapper: uevent: version 1.0.3
[    3.779264] device-mapper: ioctl: 4.34.0-ioctl (2015-10-28) initialised: dm-devel@redhat.com
[    3.780868] ledtrig-cpu: registered to indicate activity on CPUs
[    3.782377] NET: Registered protocol family 10
[    3.783480] NET: Registered protocol family 17
[    3.784344] Key type dns_resolver registered
[    3.785816] registered taskstats version 1
[    3.786649] Loading compiled-in X.509 certificates
[    3.788030] Loaded X.509 cert 'Build time autogenerated kernel key: 2501974cc66248a18f8fa54aaac948a5171f77fb'
[    3.789857] zswap: loaded using pool lzo/zbud
[    3.792432] Key type trusted registered
[    3.795806] Key type encrypted registered
[    3.796609] AppArmor: AppArmor sha1 policy hashing enabled
[    3.797611] ima: No TPM chip found, activating TPM-bypass!
[    3.798641] ima: Allocated hash algorithm: sha1
[    3.799514] evm: HMAC attrs: 0x1
[    3.800507]   Magic number: 8:327:640
[    3.801361] rtc_cmos rtc_cmos: setting system clock to 2020-02-29 15:38:42 UTC (1582990722)
[    3.803098] BIOS EDD facility v0.16 2004-Jun-25, 0 devices found
[    3.804173] EDD information not available.
[    3.913398] Freeing unused kernel memory: 1488K
[    3.916275] Write protecting the kernel read-only data: 14336k
[    3.920832] Freeing unused kernel memory: 1604K
[    3.924200] Freeing unused kernel memory: 64K
Loading, please wait...
starting version[    3.961841] random: systemd-udevd: uninitialized urandom read (16 bytes read, 3 bits of entropy available)
 229
[    3.963464] random: udevadm: uninitialized urandom read (16 bytes read, 3 bits of entropy available)
[    3.963531] random: udevadm: uninitialized urandom read (16 bytes read, 3 bits of entropy available)
[    3.976636] random: udevadm: uninitialized urandom read (16 bytes read, 3 bits of entropy available)
[    3.976689] random: udevadm: uninitialized urandom read (16 bytes read, 3 bits of entropy available)
[    3.976844] random: udevadm: uninitialized urandom read (16 bytes read, 3 bits of entropy available)
[    3.976902] random: udevadm: uninitialized urandom read (16 bytes read, 3 bits of entropy available)
[    3.976958] random: udevadm: uninitialized urandom read (16 bytes read, 3 bits of entropy available)
[    3.977017] random: udevadm: uninitialized urandom read (16 bytes read, 3 bits of entropy available)
[    3.977071] random: udevadm: uninitialized urandom read (16 bytes read, 3 bits of entropy available)
[    4.210445] e1000: Intel(R) PRO/1000 Network Driver - version 7.3.21-k8-NAPI
[    4.218713] e1000: Copyright (c) 1999-2006 Intel Corporation.
[    4.222728] Fusion MPT base driver 3.04.20
[    4.223551] Copyright (c) 1999-2008 LSI Corporation
[    4.231213] Fusion MPT SPI Host driver 3.04.20
[    4.240126] AVX2 version of gcm_enc/dec engaged.
[    4.241042] AES CTR mode by8 optimization enabled
[    4.427588] input: ImExPS/2 Generic Explorer Mouse as /devices/platform/i8042/serio1/input/input4
[    4.565620] e1000 0000:00:03.0 eth0: (PCI:33MHz:32-bit) 02:28:e8:e3:81:d2
[    4.587259] e1000 0000:00:03.0 eth0: Intel(R) PRO/1000 Network Connection
[    4.588789] mptbase: ioc0: Initiating bringup
[    4.682321] ioc0: LSI53C1030 A0: Capabilities={Initiator}
[    5.552150] scsi host2: ioc0: LSI53C1030 A0, FwRev=00000000h, Ports=1, MaxQ=256, IRQ=20
[    5.698119] scsi 2:0:0:0: Direct-Access     VBOX     HARDDISK         1.0  PQ: 0 ANSI: 5
[    5.704824] scsi target2:0:0: Beginning Domain Validation
[    5.714483] scsi target2:0:0: Domain Validation skipping write tests
[    5.898175] scsi target2:0:0: Ending Domain Validation
[    6.031050] e1000 0000:00:08.0 eth1: (PCI:33MHz:32-bit) 08:00:27:d7:e6:2d
[    6.031055] e1000 0000:00:08.0 eth1: Intel(R) PRO/1000 Network Connection
[    6.322130] e1000 0000:00:08.0 enp0s8: renamed from eth1
[    6.323268] scsi target2:0:0: asynchronous
[    6.324386] scsi 2:0:1:0: Direct-Access     VBOX     HARDDISK         1.0  PQ: 0 ANSI: 5
[    6.325844] scsi target2:0:1: Beginning Domain Validation
[    6.327451] scsi target2:0:1: Domain Validation skipping write tests
[    6.328487] scsi target2:0:1: Ending Domain Validation
[    6.329395] scsi target2:0:1: asynchronous
[    6.334185] sd 2:0:0:0: Attached scsi generic sg0 type 0
[    6.335331] e1000 0000:00:03.0 enp0s3: renamed from eth0
[    6.337064] sd 2:0:0:0: [sda] 20971520 512-byte logical blocks: (10.7 GB/10.0 GiB)
[    6.338662] sd 2:0:1:0: Attached scsi generic sg1 type 0
[    6.338979] sd 2:0:0:0: [sda] Write Protect is off
[    6.339040] sd 2:0:0:0: [sda] Incomplete mode parameter data
[    6.339041] sd 2:0:0:0: [sda] Assuming drive cache: write through
[    6.417148] sd 2:0:1:0: [sdb] 20480 512-byte logical blocks: (10.5 MB/10.0 MiB)
[    6.417266] sd 2:0:1:0: [sdb] Write Protect is off
[    6.417335] sd 2:0:1:0: [sdb] Incomplete mode parameter data
[    6.417336] sd 2:0:1:0: [sdb] Assuming drive cache: write through
[    6.417703]  sda: sda1
[    6.418439] sd 2:0:0:0: [sda] Attached SCSI disk
[    6.439471] sd 2:0:1:0: [sdb] Attached SCSI disk
Begin: Loading e[    7.857140] md: linear personality registered for level -1
ssential drivers ... [    8.008627] md: multipath personality registered for level -4
[    8.011391] md: raid0 personality registered for level 0
[    8.015123] md: raid1 personality registered for level 1
[    8.086519] raid6: sse2x1   gen()  9985 MB/s
[    8.282528] raid6: sse2x1   xor()  8851 MB/s
[    8.474536] raid6: sse2x2   gen() 13883 MB/s
[    8.542523] raid6: sse2x2   xor()  9302 MB/s
[    8.750525] raid6: sse2x4   gen() 16570 MB/s
[    8.950522] raid6: sse2x4   xor() 10603 MB/s
[    9.146518] raid6: avx2x1   gen() 20970 MB/s
[    9.342525] raid6: avx2x2   gen() 26754 MB/s
[    9.538491] raid6: avx2x4   gen() 29961 MB/s
[    9.549855] raid6: using algorithm avx2x4 gen() 29961 MB/s
[    9.550782] raid6: using avx2x2 recovery algorithm
[    9.552728] xor: automatically using best checksumming function:
[    9.598761]    avx       : 59761.000 MB/sec
[    9.600710] async_tx: api initialized (async)
[    9.608520] md: raid6 personality registered for level 6
[    9.609428] md: raid5 personality registered for level 5
[    9.610337] md: raid4 personality registered for level 4
[    9.618148] md: raid10 personality registered for level 10
done.
Begin: Running /scripts/init-premount ... done.
Begin: Mounting root file system ... Begin: Running /scripts/local-top ... done.
Begin: Running /scripts/local-premount ... [    9.644292] Btrfs loaded
Scanning for Btrfs filesystems
done.
Warning: fsck no[    9.756299] EXT4-fs (sda1): INFO: recovery required on readonly filesystem
t present, so skipping root file system
[    9.761404] EXT4-fs (sda1): write access will be enabled during recovery
[   10.301333] EXT4-fs (sda1): recovery complete
[   10.616338] EXT4-fs (sda1): mounted filesystem with ordered data mode. Opts: (null)
done.
Begin: Running /scripts/local-bottom ... done.
[   10.739435] random: nonblocking pool is initialized
Begin: Running /scripts/init-bottom ... done.
[   11.807727] systemd[1]: systemd 229 running in system mode. (+PAM +AUDIT +SELINUX +IMA +APPARMOR +SMACK +SYSVINIT +UTMP +LIBCRYPTSETUP +GCRYPT +GNUTLS +ACL +XZ -LZ4 +SECCOMP +BLKID +ELFUTILS +KMOD -IDN)
[   11.819375] systemd[1]: Detected virtualization oracle.
[   11.820677] systemd[1]: Detected architecture x86-64.

Welcome to [1mUbuntu 16.04.6 LTS[0m!

[   11.870692] systemd[1]: Set hostname to <awx>.
[   12.917830] systemd[1]: Listening on Syslog Socket.
[[0;32m  OK  [0m] Listening on Syslog Socket.
[   12.921628] systemd[1]: Listening on Journal Audit Socket.
[[0;32m  OK  [0m] Listening on Journal Audit Socket.
[   12.925676] systemd[1]: Listening on /dev/initctl Compatibility Named Pipe.
[[0;32m  OK  [0m] Listening on /dev/initctl Compatibility Named Pipe.
[   12.929966] systemd[1]: Started Forward Password Requests to Wall Directory Watch.
[[0;32m  OK  [0m] Started Forward Password Requests to Wall Directory Watch.
[   12.934343] systemd[1]: Reached target Encrypted Volumes.
[[0;32m  OK  [0m] Reached target Encrypted Volumes.
[   12.936849] systemd[1]: Reached target Swap.
[[0;32m  OK  [0m] Reached target Swap.
[   12.978876] systemd[1]: Listening on Journal Socket.
[[0;32m  OK  [0m] Listening on Journal Socket.
[   13.056172] systemd[1]: Set up automount Arbitrary Executable File Formats File System Automount Point.
[[0;32m  OK  [0m] Set up automount Arbitrary Executab...ats File System Automount Point.
[   13.058912] systemd[1]: Reached target User and Group Name Lookups.
[[0;32m  OK  [0m] Reached target User and Group Name Lookups.
[   13.060912] systemd[1]: Listening on Device-mapper event daemon FIFOs.
[[0;32m  OK  [0m] Listening on Device-mapper event daemon FIFOs.
[   13.062992] systemd[1]: Listening on udev Control Socket.
[[0;32m  OK  [0m] Listening on udev Control Socket.
[   13.064824] systemd[1]: Listening on LVM2 poll daemon socket.
[[0;32m  OK  [0m] Listening on LVM2 poll daemon socket.
[   13.066743] systemd[1]: Listening on LVM2 metadata daemon socket.
[[0;32m  OK  [0m] Listening on LVM2 metadata daemon socket.
[   13.068703] systemd[1]: Listening on udev Kernel Socket.
[[0;32m  OK  [0m] Listening on udev Kernel Socket.
[   13.070569] systemd[1]: Started Trigger resolvconf update for networkd DNS.
[[0;32m  OK  [0m] Started Trigger resolvconf update for networkd DNS.
[   13.072917] systemd[1]: Created slice User and Session Slice.
[[0;32m  OK  [0m] Created slice User and Session Slice.
[   13.074859] systemd[1]: Listening on Journal Socket (/dev/log).
[[0;32m  OK  [0m] Listening on Journal Socket (/dev/log).
[   13.076948] systemd[1]: Created slice System Slice.
[[0;32m  OK  [0m] Created slice System Slice.
[   13.090692] systemd[1]: Starting Remount Root and Kernel File Systems...
         Starting Remount Root and Kernel File Systems...
[   13.093461] systemd[1]: Starting Create list of required static device nodes for the current kernel...
         Starting Create list of required st... nodes for the current kernel...
[   13.096287] systemd[1]: Created slice system-serial\x2dgetty.slice.
[[0;32m  OK  [0m] Created slice system-serial\x2dgetty.slice.
[   13.098853] systemd[1]: Starting Journal Service...
         Starting Journal Service...
[   13.100413] systemd[1]: Reached target Slices.
[[0;32m  OK  [0m] Reached target Slices.
[   13.102587] systemd[1]: Mounting Huge Pages File System...
         Mounting Huge Pages File System...
[   13.104713] systemd[1]: Starting Nameserver information manager...
         Starting Nameserver information manager...
[   13.176071] systemd[1]: Starting Load Kernel Modules...
         Starting Load Kernel Modules...
[   13.378729] systemd[1]: Starting Uncomplicated firewall...
         Starting Uncomplicated firewall.[   13.562855] EXT4-fs (sda1): re-mounted. Opts: (null)
..
[   13.887072] Loading iSCSI transport class v2.0-870.
[   13.898656] systemd[1]: Mounting Debug File System...
         Mounting Debug File System...
[   13.956072] systemd[1]: Mounting POSIX Message Queue File System...
         Mounting POSIX Message Queue File System...
[   13.958577] systemd[1]: Starting Set console keymap...
         Starting Set console keymap...
[   13.960842] systemd[1]: Starting Monitoring of LVM2 mirrors, snapshots etc. using dmeventd or progress polling...
         Starting Monitoring of LVM2 mirrors... dmeventd or progress polling...
[   14.073425] iscsi: registered transport (tcp)
[   14.314702] systemd[1]: Reached target System Tmme Synchronized.
[[0;32m  OK  [0m] Reached target System Time Synchronized.
[   14.899738] systemd[1]: Mounted POSIX Message Queue File System.
[[0;32m  OK  [0m] Mounted POSIX Message Queue File System.
[   14.903060] systemd[1]: Mounted Huge Pages File System.
[[0;32m  OK  [0m] Mounted Huge Pages File System.
[   14.906045] systemd[1]: Mounted Debug File System.
[[0;32m  OK  [0m] Mounted Debug File System.
[   14.908964] systemd[1]: Started Journal Service.
[[0;32m  OK  [0m] Started Journal Service.
[[0;32m  OK  [0m] Started Remount Root and Kernel File Systems.
[[0;32m  OK  [0m] Started Create list of required sta...ce nodes for the current kernel.
[[0;32m  OK  [0m] Started Uncomplicated firewall.
         Starting Create Static Device Nodes in /dev...
         Starting udev Coldplug all Devices...
         Starting Load/Save Random Seed...
         Starting Flush Journal to Persistent Storage...
[[0;32m  OK  [0m] Started Set console keymap.
[[0;32m  OK  [0m] Started Nameserver information manager.
[[0;32m  OK  [0m] Started udev Coldplug all Devices.
[   15.107890] iscsi: registered transport (iser)
[[0;32m  OK  [0m] Started Load/Save Random Seed.
[[0;32m  OK  [0m] Started Load Kernel Modules.
[[0;32m  OK  [0m] Started Create Static Device Nodes in /dev.
[[0;32m  OK  [0m] Started LVM2 metadata daemon.
         Starting udev Kernel Device Manager...
         Starting Apply Kernel Variables...
         Mounting FUSE Control File System...
[[0;32m  OK  [0m] Mounted FUSE Control File System.
[   15.616516] systemd-journald[378]: Received request to flush runtime journal from PID 1
[[0;32m  OK  [0m] Started Flush Journal to Persistent Storage.
[[0;32m  OK  [0m] Started Apply Kernel Variables.
[[0;32m  OK  [0m] Started udev Kernel Device Manager.
[[0;32m  OK  [0m] Started Dispatch Password Requests to Console Directory Watch.
[[0;32m  OK  [0m] Found device /dev/ttyS0.
[[0;32m  OK  [0m] Listening on Load/Save RF Kill Switch Status /dev/rfkill Watch.
[[0;32m  OK  [0m] Started Monitoring of LVM2 mirrors,...ng dmeventd or progress polling.
[[0;32m  OK  [0m] Reached target Local File Systems (Pre).
[[0;32m  OK  [0m] Reached target Local File Systems.
         Starting Initial cloud-init job (pre-networking)...
         Starting Set console font and keymap...
         Starting LSB: AppArmor initialization...
         Starting Create Volatile Files and Directories...
         Starting Tell Plymouth To Write Out Runtime Data...
[[0;32m  OK  [0m] Found device 82540EM Gigabit Ethern...r (PRO/1000 MT Desktop Adapter).
[[0;32m  OK  [0m] Started Tell Plymouth To Write Out Runtime Data.
[[0;32m  OK  [0m] Found device 82540EM Gigabit Ethern...r (PRO/1000 MT Desktop Adapter).
[[0;32m  OK  [0m] Started Create Volatile Files and Directories.
         Starting Update UTMP about System Boot/Shutdown...
[[0;32m  OK  [0m] Started Set console font and keymap.
[[0;32m  OK  [0m] Created slice system-getty.slice.
[[0;32m  OK  [0m] Started Update UTMP about System Boot/Shutdown.
[[0;32m  OK  [0m] Started LSB: AppArmor initialization.
[   16.342056] cloud-init[555]: Cloud-init v. 19.4-33-gbb4131a2-0ubuntu1~16.04.1 running 'init-local' at Sat, 29 Feb 2020 15:38:57 +0000. Up 15.87 seconds.
[[0;32m  OK  [0m] Started Initial cloud-init job (pre-networking).
[[0;32m  OK  [0m] Reached target Network (Pre).
[[0;32m  OK  [0m] Started ifup for enp0s8.
         Starting Raise network interfaces...
[[0;32m  OK  [0m] Started ifup for enp0s3.
[[0;32m  OK  [0m] Started Raise network interfaces.
[[0;32m  OK  [0m] Reached target Network.
         Starting Initial cloud-init job (metadata service crawler)...
[   17.427085] cloud-init[1078]: Cloud-init v. 19.4-33-gbb4131a2-0ubuntu1~16.04.1 running 'init' at Sat, 29 Feb 2020 15:38:58 +0000. Up 17.00 seconds.
[   17.440784] cloud-init[1078]: ci-info: ++++++++++++++++++++++++++++++++++++++Net device info+++++++++++++++++++++++++++++++++++++++
[   17.443221] cloud-init[1078]: ci-info: +--------+------+-----------------------------+---------------+--------+-------------------+
[   17.445593] cloud-init[1078]: ci-info: | Device |  Up  |           Address           |      Mask     | Scope  |     Hw-Address    |
[   17.447959] cloud-init[1078]: ci-info: +--------+------+-----------------------------+---------------+--------+-------------------+
[   17.450286] cloud-init[1078]: ci-info: | enp0s3 | True |          10.0.2.15          | 255.255.255.0 | global | 02:28:e8:e3:81:d2 |
[   17.452757] cloud-init[1078]: ci-info: | enp0s3 | True |  fe80::28:e8ff:fee3:81d2/64 |       .       |  link  | 02:28:e8:e3:81:d2 |
[   17.455061] cloud-init[1078]: ci-info: | enp0s8 | True |        192.168.2.100        | 255.255.255.0 | global | 08:00:27:d7:e6:2d |
[   17.484250] cloud-init[1078]: ci-info: | enp0s8 | True | fe80::a00:27ff:fed7:e62d/64 |       .       |  link  | 08:00:27:d7:e6:2d |
[   17.484516] cloud-init[1078]: ci-info: |   lo   | True |          127.0.0.1          |   255.0.0.0   |  host  |         .         |
[[0;32m  OK  [0m] Started Initial cloud-init job (metadata service crawler).
[   17.484632] cloud-init[1078]: ci-info: |   lo   | True |           ::1/128           |       .       |  host  |         .         |
[   17.507246] cloud-init[1078]: ci-info: +--------+------+-----------------------------+---------------+--------+-------------------+
[   17.507498] cloud-init[1078]: ci-info: +++++++++++++++++++++++++++Route IPv4 info++++++++++++++++++++++++++++
[   17.507794] cloud-init[1078]: ci-info: +-------+-------------+----------+---------------+-----------+-------+
[   17.508129] cloud-init[1078]: ci-info: | Route | Destination | Gateway  |    Genmask    | Interface | Flags |
[   17.508360] cloud-init[1078]: ci-info: +-------+-------------+----------+---------------+-----------+-------+
[   17.508637] cloud-init[1078]: ci-info: |   0   |   0.0.0.0   | 10.0.2.2 |    0.0.0.0    |   enp0s3  |   UG  |
[   17.508787] cloud-init[1078]: ci-info: |   1   |   10.0.2.0  | 0.0.0.0  | 255.255.255.0 |   enp0s3  |   U   |
[   17.508927] cloud-init[1078]: ci-info: |   2   | 192.168.2.0 | 0.0.0.0  | 255.255.255.0 |   enp0s8  |   U   |
[   17.509211] cloud-init[1078]: ci-info: +-------+-------------+----------+---------------+-----------+-------+
[   17.509488] cloud-init[1078]: ci-info: +++++++++++++++++++Route IPv6 info+++++++++++++++++++
[   17.509773] cloud-init[1078]: ci-info: +-------+-------------+---------+-----------+-------+
[   17.509935] cloud-init[1078]: ci-info: | Route | Destination | Gateway | Interface | Flags |
[   17.510195] cloud-init[1078]: ci-info: +-------+-------------+---------+-----------+-------+
[   17.510347] cloud-init[1078]: ci-info: |   0   |  fe80::/64  |    ::   |   enp0s8  |   U   |
[   17.510616] cloud-init[1078]: ci-info: |   1   |  fe80::/64  |    ::   |   enp0s3  |   U   |
[   17.510779] cloud-init[1078]: ci-info: |   4   |   ff00::/8  |    ::   |   enp0s8  |   U   |
[   17.511072] cloud-init[1078]: ci-info: |   5   |   ff00::/8  |    ::   |   enp0s3  |   U   |
[   17.511216] cloud-init[1078]: ci-info: +-------+-------------+---------+-----------+-------+
[[0;32m  OK  [0m] Reached target Network is Online.
         Starting iSCSI initiator daemon (iscsid)...
[[0;32m  OK  [0m] Reached target System Initialization.
[[0;32m  OK  [0m] Started ACPI Events Check.
[[0;32m  OK  [0m] Reached target Paths.
[[0;32m  OK  [0m] Started Daily apt download activities.
[[0;32m  OK  [0m] Started Daily apt upgrade and clean activities.
[[0;32m  OK  [0m] Listening on UUID daemon activation socket.
[[0;32m  OK  [0m] Listening on D-Bus System Message Bus Socket.
[[0;32m  OK  [0m] Started Daily Cleanup of Temporary Directories.
         Starting LXD - unix socket.
[[0;32m  OK  [0m] Started Message of the Day.
[[0;32m  OK  [0m] Reached target Timers.
[[0;32m  OK  [0m] Listening on ACPID Listen Socket.
         Starting Socket activation for snappy daemon.
[[0;32m  OK  [0m] Reached target Cloud-config availability.
[[0;32m  OK  [0m] Listening on LXD - unix socket.
[[0;32m  OK  [0m] Listening on Socket activation for snappy daemon.
[[0;32m  OK  [0m] Reached target Sockets.
[[0;32m  OK  [0m] Reached target Basic System.
         Starting Snappy daemon...
         Starting System Logging Service...
         Starting LSB: Record successful boot for GRUB...
         Starting Virtualbox guest utils...
[[0;32m  OK  [0m] Started FUSE filesystem for LXC.
[[0;32m  OK  [0m] Started D-Bus System Message Bus.
         Starting Login Service...
[[0;32m  OK  [0m] Started Regular background program processing daemon.
         Starting /etc/rc.local Compatibility...
         Starting Accounts Service...
[[0;32m  OK  [0m] Started Deferred execution scheduler.
         Starting LXD - container startup/shutdown...
         Starting LSB: MD monitoring daemon...
[[0;32m  OK  [0m] Started ACPI event daemon.
         Starting OpenBSD Secure Shell server...
[[0;32m  OK  [0m] Started System Logging Service.
[[0;32m  OK  [0m] Started iSCSI initiator daemon (iscsid).
[[0;32m  OK  [0m] Started /etc/rc.local Compatibility.
         Starting Login to default iSCSI targets...
[[0;32m  OK  [0m] Started Login Service.
[[0;32m  OK  [0m] Started Unattended Upgrades Shutdown.
[[0;32m  OK  [0m] Started Login to default iSCSI targets.
[[0;32m  OK  [0m] Reached target Remote File Systems (Pre).
[[0;32m  OK  [0m] Reached target Remote File Systems.
         Starting Permit User Sessions...
         Starting LSB: daemon to balance interrupts for SMP systems...
         Starting LSB: Set the CPU Frequency Scaling governor to "ondemand"...
         Starting LSB: automatic crash report generation...
[[0;32m  OK  [0m] Started LSB: Record successful boot for GRUB.
[[0;32m  OK  [0m] Started LSB: MD monitoring daemon.
[[0;32m  OK  [0m] Started Permit User Sessions.
         Starting Terminate Plymouth Boot Screen...
         Starting Hold until boot process finishes up...
[[0;32m  OK  [0m] Started Hold until boot process finishes up.
[[0;32m  OK  [0m] Started Terminate Plymouth Boot Screen.
[[0;32m  OK  [0m] Started Getty on tty1.
[[0;32m  OK  [0m] Started Serial Getty on ttyS0.
[[0;32m  OK  [0m] Reached target Login Prompts.
         Starting Set console scheme...
[[0;32m  OK  [0m] Started LSB: Set the CPU Frequency Scaling governor to "ondemand".
[[0;32m  OK  [0m] Started Set console scheme.
[[0;32m  OK  [0m] Started LSB: daemon to balance interrupts for SMP systems.
[[0;32m  OK  [0m] Started LSB: automatic crash report generation.
[[0;32m  OK  [0m] Started OpenBSD Secure Shell server.
         Starting Authenticate and Authorize Users to Run Privileged Tasks...
[[0;32m  OK  [0m] Started Virtualbox guest utils.
[[0;32m  OK  [0m] Started Authenticate and Authorize Users to Run Privileged Tasks.
[[0;32m  OK  [0m] Started Accounts Service.
[[0;32m  OK  [0m] Started Snappy daemon.
         Starting Wait until snapd is fully seeded...
[[0;32m  OK  [0m] Started Wait until snapd is fully seeded.
         Starting Apply the settings specified in cloud-config...
[[0;32m  OK  [0m] Started LXD - container startup/shutdown.
[[0;32m  OK  [0m] Reached target Multi-User System.
[[0;32m  OK  [0m] Reached target Graphical Interface.
         Starting Update UTMP about System Runlevel Changes...
[[0;32m  OK  [0m] Started Update UTMP about System Runlevel Changes.
[   21.276929] cloud-init[1330]: Cloud-init v. 19.4-33-gbb4131a2-0ubuntu1~16.04.1 running 'modules:config' at Sat, 29 Feb 2020 15:39:02 +0000. Up 21.18 seconds.
[[0;32m  OK  [0m] Started Apply the settings specified in cloud-config.
         Starting Execute cloud user/final scripts...
[   21.732128] cloud-init[1344]: Cloud-init v. 19.4-33-gbb4131a2-0ubuntu1~16.04.1 running 'modules:final' at Sat, 29 Feb 2020 15:39:03 +0000. Up 21.65 seconds.
[   21.766528] cloud-init[1344]: Cloud-init v. 19.4-33-gbb4131a2-0ubuntu1~16.04.1 finished at Sat, 29 Feb 2020 15:39:03 +0000. Datasource DataSourceNoCloud [seed=/dev/sdb][dsmode=net].  Up 21.72 seconds
[[0;32m  OK  [0m] Started Execute cloud user/final scripts.
[[0;32m  OK  [0m] Reached target Cloud-init target.

Ubuntu 16.04.6 LTS awx ttyS0

awx login: 